<?xml version="1.0" encoding="UTF-8"?>
<testsuite name="cs4b.proj1.AppTest" tests="1" skipped="0" failures="0" errors="0" timestamp="2019-02-21T10:15:34" hostname="DESKTOP-EUK8SOJ" time="0.002">
  <properties/>
  <testcase name="testAppHasAGreeting" classname="cs4b.proj1.AppTest" time="0.002"/>
  <system-out><![CDATA[]]></system-out>
  <system-err><![CDATA[]]></system-err>
</testsuite>
