<?xml version="1.0" encoding="UTF-8"?>
<testsuite name="cs4b.proj1.BoardTest" tests="7" skipped="0" failures="0" errors="0" timestamp="2019-02-21T10:15:34" hostname="DESKTOP-EUK8SOJ" time="0.017">
  <properties/>
  <testcase name="testBoardInitialValues" classname="cs4b.proj1.BoardTest" time="0.002"/>
  <testcase name="testNumEmptySpaces" classname="cs4b.proj1.BoardTest" time="0.0"/>
  <testcase name="testToString" classname="cs4b.proj1.BoardTest" time="0.008"/>
  <testcase name="testGetBoardArray" classname="cs4b.proj1.BoardTest" time="0.0"/>
  <testcase name="testBoardSetValues" classname="cs4b.proj1.BoardTest" time="0.0"/>
  <testcase name="testEquals" classname="cs4b.proj1.BoardTest" time="0.002"/>
  <testcase name="testThrowOnSetGetPos" classname="cs4b.proj1.BoardTest" time="0.002"/>
  <system-out><![CDATA[XXX
XXX
XXX

]]></system-out>
  <system-err><![CDATA[]]></system-err>
</testsuite>
